2025-08-24 12:12:28,072 - INFO - --- Starting On-Demand Log Processor ---
2025-08-24 12:12:28,072 - INFO - Found 6 new log file(s): SESSION_LOG_2025-08-24_12-05-07.json, SESSION_LOG_2025-08-24_12-05-40.json, SESSION_LOG_2025-08-24_12-07-36.json, SESSION_LOG_2025-08-24_12-08-18.json, SESSION_LOG_2025-08-24_12-09-31.json, SESSION_LOG_2025-08-24_12-12-02.json
2025-08-24 12:12:28,072 - INFO - 
--- Processing: SESSION_LOG_2025-08-24_12-05-07.json ---
2025-08-24 12:12:28,072 - INFO - Running calculation for SESSION_LOG_2025-08-24_12-05-07.json...
2025-08-24 12:12:28,205 - INFO -  - Calculation finished successfully.
2025-08-24 12:12:28,207 - INFO - Uploading SESSION_LOG_2025-08-24_12-05-07.json to configured repository...
2025-08-24 12:12:28,867 - INFO -  - Upload successful.
2025-08-24 12:12:30,220 - INFO -  - Successfully processed and logged SESSION_LOG_2025-08-24_12-05-07.json.
2025-08-24 12:12:30,220 - INFO - 
--- Processing: SESSION_LOG_2025-08-24_12-05-40.json ---
2025-08-24 12:12:30,220 - INFO - Running calculation for SESSION_LOG_2025-08-24_12-05-40.json...
2025-08-24 12:12:30,369 - INFO -  - Calculation finished successfully.
2025-08-24 12:12:30,369 - INFO - Uploading SESSION_LOG_2025-08-24_12-05-40.json to configured repository...
2025-08-24 12:12:30,957 - INFO -  - Upload successful.
2025-08-24 12:12:32,386 - INFO -  - Successfully processed and logged SESSION_LOG_2025-08-24_12-05-40.json.
2025-08-24 12:12:32,386 - INFO - 
--- Processing: SESSION_LOG_2025-08-24_12-07-36.json ---
2025-08-24 12:12:32,386 - INFO - Running calculation for SESSION_LOG_2025-08-24_12-07-36.json...
2025-08-24 12:12:32,528 - INFO -  - Calculation finished successfully.
2025-08-24 12:12:32,528 - INFO - Uploading SESSION_LOG_2025-08-24_12-07-36.json to configured repository...
2025-08-24 12:12:33,128 - INFO -  - Upload successful.
2025-08-24 12:12:34,433 - INFO -  - Successfully processed and logged SESSION_LOG_2025-08-24_12-07-36.json.
2025-08-24 12:12:34,433 - INFO - 
--- Processing: SESSION_LOG_2025-08-24_12-08-18.json ---
2025-08-24 12:12:34,433 - INFO - Running calculation for SESSION_LOG_2025-08-24_12-08-18.json...
2025-08-24 12:12:34,571 - INFO -  - Calculation finished successfully.
2025-08-24 12:12:34,571 - INFO - Uploading SESSION_LOG_2025-08-24_12-08-18.json to configured repository...
2025-08-24 12:12:35,182 - INFO -  - Upload successful.
